<?xml version="1.0" encoding="UTF-8"?>
<!-- Generated by org.testng.reporters.JUnitReportReporter -->
<testsuite hostname="Kunals-MacBook-Pro.local" failures="0" tests="1" name="com.gtr.externalize.testcases.SignupPageTestCase" time="0.000" errors="0" timestamp="13 Dec 2020 10:34:02 GMT" skipped="0">
  <testcase classname="com.gtr.externalize.testcases.SignupPageTestCase" name="performSignup" time="0.000"/>
</testsuite> <!-- com.gtr.externalize.testcases.SignupPageTestCase -->
